0 info it worked if it ends with ok
1 verbose cli [ '/usr/local/bin/node',
1 verbose cli   '/usr/local/bin/npm',
1 verbose cli   'run',
1 verbose cli   'console-translator',
1 verbose cli   'hi' ]
2 info using npm@3.10.10
3 info using node@v6.10.0
4 verbose stack Error: missing script: console-translator
4 verbose stack     at run (/usr/local/lib/node_modules/npm/lib/run-script.js:151:19)
4 verbose stack     at /usr/local/lib/node_modules/npm/lib/run-script.js:61:5
4 verbose stack     at /usr/local/lib/node_modules/npm/node_modules/read-package-json/read-json.js:356:5
4 verbose stack     at handleExists (/usr/local/lib/node_modules/npm/node_modules/read-package-json/read-json.js:329:20)
4 verbose stack     at FSReqWrap.cb [as oncomplete] (fs.js:257:19)
5 verbose cwd /Users/antongoncharov/apps/console-translator
6 error Darwin 16.4.0
7 error argv "/usr/local/bin/node" "/usr/local/bin/npm" "run" "console-translator" "hi"
8 error node v6.10.0
9 error npm  v3.10.10
10 error missing script: console-translator
11 error If you need help, you may report this error at:
11 error     <https://github.com/npm/npm/issues>
12 verbose exit [ 1, true ]
